<?xml version="1.0" encoding="utf-8"?><testsuites name="pytest tests"><testsuite name="pytest" errors="0" failures="1" skipped="0" tests="18" time="3.291" timestamp="2026-07-16T16:19:27.624787+00:00" hostname="agent-env-06a74450-c1c4-4487-a644-8f5f1935e54a"><testcase classname="tests.backend_test.TestProtectedEndpoints" name="test_reservations_requires_auth" time="0.244" /><testcase classname="tests.backend_test.TestProtectedEndpoints" name="test_contact_requires_auth" time="0.251" /><testcase classname="tests.backend_test.TestProtectedEndpoints" name="test_newsletter_requires_auth" time="0.130" /><testcase classname="tests.backend_test.TestAuth" name="test_login_success" time="0.497" /><testcase classname="tests.backend_test.TestAuth" name="test_login_wrong_password" time="0.203" /><testcase classname="tests.backend_test.TestProtectedEndpoints" name="test_stats_requires_auth" time="0.180" /><testcase classname="tests.backend_test.TestAuth" name="test_me_without_token" time="0.147" /><testcase classname="tests.backend_test.TestAuth" name="test_me_with_token" time="0.304" /><testcase classname="tests.backend_test.TestAuth" name="test_me_with_invalid_token" time="0.111" /><testcase classname="tests.backend_test.TestProtectedEndpoints" name="test_reservations_with_auth" time="0.463" /><testcase classname="tests.backend_test.TestPublicForms" name="test_reservation_create" time="0.286" /><testcase classname="tests.backend_test.TestProtectedEndpoints" name="test_contact_with_auth" time="0.212" /><testcase classname="tests.backend_test.TestProtectedEndpoints" name="test_newsletter_with_auth" time="0.142" /><testcase classname="tests.backend_test.TestPublicForms" name="test_contact_create" time="0.116" /><testcase classname="tests.backend_test.TestProtectedEndpoints" name="test_stats_with_auth" time="0.124" /><testcase classname="tests.backend_test.TestPublicForms" name="test_newsletter_create_idempotent" time="0.291" /><testcase classname="tests.backend_test" name="test_root" time="0.143" /><testcase classname="tests.backend_test.TestBruteForce" name="test_lockout_after_5_attempts" time="0.808"><failure message="AssertionError: Expected 429 on 6th attempt, got 401&#10;assert 401 == 429">backend/tests/backend_test.py:168: in test_lockout_after_5_attempts
    assert statuses[5] == 429, f"Expected 429 on 6th attempt, got {statuses[5]}"
E   AssertionError: Expected 429 on 6th attempt, got 401
E   assert 401 == 429</failure></testcase></testsuite></testsuites>