<?xml version="1.0" encoding="utf-8"?><testsuites name="pytest tests"><testsuite name="pytest" errors="0" failures="0" skipped="0" tests="16" time="4.522" timestamp="2026-07-16T16:45:35.814568+00:00" hostname="agent-env-06a74450-c1c4-4487-a644-8f5f1935e54a"><testcase classname="tests.test_iteration4.TestAdminDishes" name="test_admin_list_requires_auth" time="0.289" /><testcase classname="tests.test_iteration4.TestReservationStatus" name="test_new_reservation_is_pending" time="0.527" /><testcase classname="tests.test_iteration4.TestReservationStatus" name="test_patch_status_no_auth" time="0.310" /><testcase classname="tests.test_iteration4.TestAdminDishes" name="test_patch_price_and_restore" time="1.057" /><testcase classname="tests.test_iteration4.TestReservationStatus" name="test_patch_status_confirmed" time="0.806" /><testcase classname="tests.test_iteration4.TestAdminDishes" name="test_toggle_active" time="0.493" /><testcase classname="tests.test_iteration4.TestReservationStatus" name="test_patch_status_all_allowed" time="2.043" /><testcase classname="tests.test_iteration4.TestAdminDishes" name="test_empty_body" time="0.116" /><testcase classname="tests.test_iteration4.TestAdminDishes" name="test_dish_not_found" time="0.137" /><testcase classname="tests.test_iteration4.TestPublicDishes" name="test_list_dishes" time="0.131" /><testcase classname="tests.test_iteration4.TestPublicDishes" name="test_list_specials" time="0.111" /><testcase classname="tests.test_iteration4.TestAdminSpecials" name="test_patch_special" time="0.421" /><testcase classname="tests.test_iteration4.TestStats" name="test_stats_has_pending" time="0.137" /><testcase classname="tests.test_iteration4.TestTwilioFallback" name="test_reservation_still_works_no_twilio" time="0.103" /><testcase classname="tests.test_iteration4.TestReservationStatus" name="test_patch_status_invalid" time="0.240" /><testcase classname="tests.test_iteration4.TestReservationStatus" name="test_patch_status_not_found" time="0.126" /></testsuite></testsuites>