<?xml version="1.0" encoding="utf-8"?><testsuites name="pytest tests"><testsuite name="pytest" errors="0" failures="0" skipped="0" tests="10" time="6.658" timestamp="2026-07-16T16:32:11.905468+00:00" hostname="agent-env-06a74450-c1c4-4487-a644-8f5f1935e54a"><testcase classname="tests.test_iteration3" name="test_api_root" time="0.310" /><testcase classname="tests.test_iteration3" name="test_instagram_fallback" time="0.174" /><testcase classname="tests.test_iteration3" name="test_newsletter_rate_limit" time="0.563" /><testcase classname="tests.test_iteration3" name="test_reservation_rate_limit" time="0.944" /><testcase classname="tests.test_iteration3" name="test_contact_rate_limit" time="0.801" /><testcase classname="tests.test_iteration3" name="test_rate_limit_ip_isolation" time="1.112" /><testcase classname="tests.test_iteration3" name="test_reservation_created_persists_and_email_bg" time="1.596" /><testcase classname="tests.test_iteration3" name="test_admin_auth_me" time="0.122" /><testcase classname="tests.test_iteration3" name="test_admin_stats" time="0.117" /><testcase classname="tests.test_iteration3" name="test_unauthorized_admin_list" time="0.136" /></testsuite></testsuites>